<?xml version="1.0" encoding="UTF-8"?>
<coverage generated="1677148905277" clover="3.2.0">
  <project timestamp="1677148905277" name="All files">
    <metrics statements="69" coveredstatements="67" conditionals="30" coveredconditionals="26" methods="19" coveredmethods="19" elements="118" coveredelements="112" complexity="0" loc="69" ncloc="69" packages="1" files="5" classes="5"/>
    <file name="Coupon.js" path="C:\Users\Cassio\Documents\Projetos\curso-clean-arch\dist\src\Coupon.js">
      <metrics statements="12" coveredstatements="11" conditionals="6" coveredconditionals="4" methods="4" coveredmethods="4"/>
      <line num="2" count="2" type="stmt"/>
      <line num="5" count="5" type="stmt"/>
      <line num="6" count="5" type="stmt"/>
      <line num="7" count="5" type="stmt"/>
      <line num="10" count="6" type="cond" truecount="2" falsecount="0"/>
      <line num="11" count="3" type="stmt"/>
      <line num="12" count="3" type="stmt"/>
      <line num="15" count="5" type="stmt"/>
      <line num="18" count="2" type="cond" truecount="1" falsecount="1"/>
      <line num="19" count="0" type="stmt"/>
      <line num="20" count="2" type="stmt"/>
      <line num="23" count="2" type="stmt"/>
    </file>
    <file name="Cpf.js" path="C:\Users\Cassio\Documents\Projetos\curso-clean-arch\dist\src\Cpf.js">
      <metrics statements="26" coveredstatements="25" conditionals="12" coveredconditionals="11" methods="7" coveredmethods="7"/>
      <line num="2" count="2" type="stmt"/>
      <line num="5" count="10" type="cond" truecount="2" falsecount="0"/>
      <line num="6" count="5" type="stmt"/>
      <line num="10" count="12" type="stmt"/>
      <line num="11" count="12" type="stmt"/>
      <line num="12" count="132" type="cond" truecount="2" falsecount="0"/>
      <line num="13" count="114" type="stmt"/>
      <line num="15" count="12" type="stmt"/>
      <line num="16" count="12" type="cond" truecount="2" falsecount="0"/>
      <line num="19" count="10" type="stmt"/>
      <line num="22" count="10" type="stmt"/>
      <line num="25" count="8" type="stmt"/>
      <line num="26" count="34" type="stmt"/>
      <line num="29" count="10" type="cond" truecount="1" falsecount="1"/>
      <line num="30" count="0" type="stmt"/>
      <line num="31" count="10" type="stmt"/>
      <line num="32" count="10" type="cond" truecount="2" falsecount="0"/>
      <line num="33" count="2" type="stmt"/>
      <line num="34" count="8" type="cond" truecount="2" falsecount="0"/>
      <line num="35" count="2" type="stmt"/>
      <line num="36" count="6" type="stmt"/>
      <line num="37" count="6" type="stmt"/>
      <line num="38" count="6" type="stmt"/>
      <line num="39" count="6" type="stmt"/>
      <line num="40" count="6" type="stmt"/>
      <line num="43" count="2" type="stmt"/>
    </file>
    <file name="Item.js" path="C:\Users\Cassio\Documents\Projetos\curso-clean-arch\dist\src\Item.js">
      <metrics statements="6" coveredstatements="6" conditionals="0" coveredconditionals="0" methods="1" coveredmethods="1"/>
      <line num="2" count="1" type="stmt"/>
      <line num="5" count="9" type="stmt"/>
      <line num="6" count="9" type="stmt"/>
      <line num="7" count="9" type="stmt"/>
      <line num="8" count="9" type="stmt"/>
      <line num="11" count="1" type="stmt"/>
    </file>
    <file name="Order.js" path="C:\Users\Cassio\Documents\Projetos\curso-clean-arch\dist\src\Order.js">
      <metrics statements="19" coveredstatements="19" conditionals="12" coveredconditionals="11" methods="5" coveredmethods="5"/>
      <line num="2" count="1" type="cond" truecount="3" falsecount="0"/>
      <line num="3" count="2" type="cond" truecount="3" falsecount="1"/>
      <line num="5" count="1" type="stmt"/>
      <line num="6" count="1" type="stmt"/>
      <line num="7" count="1" type="stmt"/>
      <line num="10" count="5" type="stmt"/>
      <line num="11" count="5" type="stmt"/>
      <line num="12" count="4" type="stmt"/>
      <line num="15" count="9" type="stmt"/>
      <line num="18" count="2" type="cond" truecount="2" falsecount="0"/>
      <line num="19" count="1" type="stmt"/>
      <line num="20" count="1" type="stmt"/>
      <line num="23" count="4" type="stmt"/>
      <line num="24" count="4" type="stmt"/>
      <line num="25" count="9" type="stmt"/>
      <line num="27" count="4" type="cond" truecount="2" falsecount="0"/>
      <line num="28" count="1" type="stmt"/>
      <line num="30" count="4" type="stmt"/>
      <line num="33" count="1" type="stmt"/>
    </file>
    <file name="OrderItem.js" path="C:\Users\Cassio\Documents\Projetos\curso-clean-arch\dist\src\OrderItem.js">
      <metrics statements="6" coveredstatements="6" conditionals="0" coveredconditionals="0" methods="2" coveredmethods="2"/>
      <line num="2" count="2" type="stmt"/>
      <line num="5" count="10" type="stmt"/>
      <line num="6" count="10" type="stmt"/>
      <line num="7" count="10" type="stmt"/>
      <line num="10" count="10" type="stmt"/>
      <line num="13" count="2" type="stmt"/>
    </file>
  </project>
</coverage>
