{"C:\\Users\\Cassio\\Documents\\Projetos\\curso-clean-arch\\dist\\src\\Coupon.js": {"path":"C:\\Users\\Cassio\\Documents\\Projetos\\curso-clean-arch\\dist\\src\\Coupon.js","statementMap":{"0":{"start":{"line":2,"column":0},"end":{"line":2,"column":62}},"1":{"start":{"line":5,"column":8},"end":{"line":5,"column":25}},"2":{"start":{"line":6,"column":8},"end":{"line":6,"column":37}},"3":{"start":{"line":7,"column":8},"end":{"line":7,"column":37}},"4":{"start":{"line":10,"column":8},"end":{"line":11,"column":24}},"5":{"start":{"line":11,"column":12},"end":{"line":11,"column":24}},"6":{"start":{"line":12,"column":8},"end":{"line":12,"column":60}},"7":{"start":{"line":15,"column":8},"end":{"line":15,"column":36}},"8":{"start":{"line":18,"column":8},"end":{"line":19,"column":21}},"9":{"start":{"line":19,"column":12},"end":{"line":19,"column":21}},"10":{"start":{"line":20,"column":8},"end":{"line":20,"column":65}},"11":{"start":{"line":23,"column":0},"end":{"line":23,"column":25}}},"fnMap":{"0":{"name":"(anonymous_0)","decl":{"start":{"line":4,"column":4},"end":{"line":4,"column":5}},"loc":{"start":{"line":4,"column":46},"end":{"line":8,"column":5}},"line":4},"1":{"name":"(anonymous_1)","decl":{"start":{"line":9,"column":4},"end":{"line":9,"column":5}},"loc":{"start":{"line":9,"column":32},"end":{"line":13,"column":5}},"line":9},"2":{"name":"(anonymous_2)","decl":{"start":{"line":14,"column":4},"end":{"line":14,"column":5}},"loc":{"start":{"line":14,"column":34},"end":{"line":16,"column":5}},"line":14},"3":{"name":"(anonymous_3)","decl":{"start":{"line":17,"column":4},"end":{"line":17,"column":5}},"loc":{"start":{"line":17,"column":30},"end":{"line":21,"column":5}},"line":17}},"branchMap":{"0":{"loc":{"start":{"line":9,"column":12},"end":{"line":9,"column":30}},"type":"default-arg","locations":[{"start":{"line":9,"column":20},"end":{"line":9,"column":30}}],"line":9},"1":{"loc":{"start":{"line":10,"column":8},"end":{"line":11,"column":24}},"type":"if","locations":[{"start":{"line":10,"column":8},"end":{"line":11,"column":24}},{"start":{},"end":{}}],"line":10},"2":{"loc":{"start":{"line":14,"column":14},"end":{"line":14,"column":32}},"type":"default-arg","locations":[{"start":{"line":14,"column":22},"end":{"line":14,"column":32}}],"line":14},"3":{"loc":{"start":{"line":18,"column":8},"end":{"line":19,"column":21}},"type":"if","locations":[{"start":{"line":18,"column":8},"end":{"line":19,"column":21}},{"start":{},"end":{}}],"line":18}},"s":{"0":2,"1":5,"2":5,"3":5,"4":6,"5":3,"6":3,"7":5,"8":2,"9":0,"10":2,"11":2},"f":{"0":5,"1":6,"2":5,"3":2},"b":{"0":[0],"1":[3,3],"2":[2],"3":[0,2]},"_coverageSchema":"1a1c01bbd47fc00a2c39e90264f33305004495a9","hash":"075b9fae96fba3d6affe9cff23c98dd86d6f16b2"}
,"C:\\Users\\Cassio\\Documents\\Projetos\\curso-clean-arch\\dist\\src\\Cpf.js": {"path":"C:\\Users\\Cassio\\Documents\\Projetos\\curso-clean-arch\\dist\\src\\Cpf.js","statementMap":{"0":{"start":{"line":2,"column":0},"end":{"line":2,"column":62}},"1":{"start":{"line":5,"column":8},"end":{"line":6,"column":44}},"2":{"start":{"line":6,"column":12},"end":{"line":6,"column":44}},"3":{"start":{"line":10,"column":20},"end":{"line":10,"column":21}},"4":{"start":{"line":11,"column":8},"end":{"line":14,"column":9}},"5":{"start":{"line":12,"column":12},"end":{"line":13,"column":52}},"6":{"start":{"line":13,"column":16},"end":{"line":13,"column":52}},"7":{"start":{"line":15,"column":21},"end":{"line":15,"column":31}},"8":{"start":{"line":16,"column":8},"end":{"line":16,"column":40}},"9":{"start":{"line":19,"column":8},"end":{"line":19,"column":38}},"10":{"start":{"line":22,"column":8},"end":{"line":22,"column":33}},"11":{"start":{"line":25,"column":29},"end":{"line":25,"column":32}},"12":{"start":{"line":26,"column":8},"end":{"line":26,"column":63}},"13":{"start":{"line":26,"column":41},"end":{"line":26,"column":61}},"14":{"start":{"line":29,"column":8},"end":{"line":30,"column":25}},"15":{"start":{"line":30,"column":12},"end":{"line":30,"column":25}},"16":{"start":{"line":31,"column":8},"end":{"line":31,"column":30}},"17":{"start":{"line":32,"column":8},"end":{"line":33,"column":25}},"18":{"start":{"line":33,"column":12},"end":{"line":33,"column":25}},"19":{"start":{"line":34,"column":8},"end":{"line":35,"column":25}},"20":{"start":{"line":35,"column":12},"end":{"line":35,"column":25}},"21":{"start":{"line":36,"column":23},"end":{"line":36,"column":51}},"22":{"start":{"line":37,"column":23},"end":{"line":37,"column":51}},"23":{"start":{"line":38,"column":32},"end":{"line":38,"column":52}},"24":{"start":{"line":39,"column":28},"end":{"line":39,"column":40}},"25":{"start":{"line":40,"column":8},"end":{"line":40,"column":47}},"26":{"start":{"line":43,"column":0},"end":{"line":43,"column":22}}},"fnMap":{"0":{"name":"(anonymous_0)","decl":{"start":{"line":4,"column":4},"end":{"line":4,"column":5}},"loc":{"start":{"line":4,"column":23},"end":{"line":8,"column":5}},"line":4},"1":{"name":"(anonymous_1)","decl":{"start":{"line":9,"column":4},"end":{"line":9,"column":5}},"loc":{"start":{"line":9,"column":32},"end":{"line":17,"column":5}},"line":9},"2":{"name":"(anonymous_2)","decl":{"start":{"line":18,"column":4},"end":{"line":18,"column":5}},"loc":{"start":{"line":18,"column":15},"end":{"line":20,"column":5}},"line":18},"3":{"name":"(anonymous_3)","decl":{"start":{"line":21,"column":4},"end":{"line":21,"column":5}},"loc":{"start":{"line":21,"column":26},"end":{"line":23,"column":5}},"line":21},"4":{"name":"(anonymous_4)","decl":{"start":{"line":24,"column":4},"end":{"line":24,"column":5}},"loc":{"start":{"line":24,"column":19},"end":{"line":27,"column":5}},"line":24},"5":{"name":"(anonymous_5)","decl":{"start":{"line":26,"column":30},"end":{"line":26,"column":31}},"loc":{"start":{"line":26,"column":41},"end":{"line":26,"column":61}},"line":26},"6":{"name":"(anonymous_6)","decl":{"start":{"line":28,"column":4},"end":{"line":28,"column":5}},"loc":{"start":{"line":28,"column":18},"end":{"line":41,"column":5}},"line":28}},"branchMap":{"0":{"loc":{"start":{"line":5,"column":8},"end":{"line":6,"column":44}},"type":"if","locations":[{"start":{"line":5,"column":8},"end":{"line":6,"column":44}},{"start":{},"end":{}}],"line":5},"1":{"loc":{"start":{"line":12,"column":12},"end":{"line":13,"column":52}},"type":"if","locations":[{"start":{"line":12,"column":12},"end":{"line":13,"column":52}},{"start":{},"end":{}}],"line":12},"2":{"loc":{"start":{"line":16,"column":15},"end":{"line":16,"column":39}},"type":"cond-expr","locations":[{"start":{"line":16,"column":26},"end":{"line":16,"column":27}},{"start":{"line":16,"column":30},"end":{"line":16,"column":39}}],"line":16},"3":{"loc":{"start":{"line":29,"column":8},"end":{"line":30,"column":25}},"type":"if","locations":[{"start":{"line":29,"column":8},"end":{"line":30,"column":25}},{"start":{},"end":{}}],"line":29},"4":{"loc":{"start":{"line":32,"column":8},"end":{"line":33,"column":25}},"type":"if","locations":[{"start":{"line":32,"column":8},"end":{"line":33,"column":25}},{"start":{},"end":{}}],"line":32},"5":{"loc":{"start":{"line":34,"column":8},"end":{"line":35,"column":25}},"type":"if","locations":[{"start":{"line":34,"column":8},"end":{"line":35,"column":25}},{"start":{},"end":{}}],"line":34}},"s":{"0":2,"1":10,"2":5,"3":12,"4":12,"5":132,"6":114,"7":12,"8":12,"9":10,"10":10,"11":8,"12":8,"13":34,"14":10,"15":0,"16":10,"17":10,"18":2,"19":8,"20":2,"21":6,"22":6,"23":6,"24":6,"25":6,"26":2},"f":{"0":10,"1":12,"2":10,"3":10,"4":8,"5":34,"6":10},"b":{"0":[5,5],"1":[114,18],"2":[6,6],"3":[0,10],"4":[2,8],"5":[2,6]},"_coverageSchema":"1a1c01bbd47fc00a2c39e90264f33305004495a9","hash":"182e9c83d3d9c6fc742a0a0e3000c5ccdfabb3b2"}
,"C:\\Users\\Cassio\\Documents\\Projetos\\curso-clean-arch\\dist\\src\\Item.js": {"path":"C:\\Users\\Cassio\\Documents\\Projetos\\curso-clean-arch\\dist\\src\\Item.js","statementMap":{"0":{"start":{"line":2,"column":0},"end":{"line":2,"column":62}},"1":{"start":{"line":5,"column":8},"end":{"line":5,"column":29}},"2":{"start":{"line":6,"column":8},"end":{"line":6,"column":33}},"3":{"start":{"line":7,"column":8},"end":{"line":7,"column":39}},"4":{"start":{"line":8,"column":8},"end":{"line":8,"column":27}},"5":{"start":{"line":11,"column":0},"end":{"line":11,"column":23}}},"fnMap":{"0":{"name":"(anonymous_0)","decl":{"start":{"line":4,"column":4},"end":{"line":4,"column":5}},"loc":{"start":{"line":4,"column":54},"end":{"line":9,"column":5}},"line":4}},"branchMap":{},"s":{"0":1,"1":9,"2":9,"3":9,"4":9,"5":1},"f":{"0":9},"b":{},"_coverageSchema":"1a1c01bbd47fc00a2c39e90264f33305004495a9","hash":"9ddeb6ae3ecf06e42809fa465720ec541a55d4ed"}
,"C:\\Users\\Cassio\\Documents\\Projetos\\curso-clean-arch\\dist\\src\\Order.js": {"path":"C:\\Users\\Cassio\\Documents\\Projetos\\curso-clean-arch\\dist\\src\\Order.js","statementMap":{"0":{"start":{"line":2,"column":22},"end":{"line":4,"column":1}},"1":{"start":{"line":3,"column":4},"end":{"line":3,"column":62}},"2":{"start":{"line":5,"column":0},"end":{"line":5,"column":62}},"3":{"start":{"line":6,"column":14},"end":{"line":6,"column":47}},"4":{"start":{"line":7,"column":20},"end":{"line":7,"column":59}},"5":{"start":{"line":10,"column":8},"end":{"line":10,"column":25}},"6":{"start":{"line":11,"column":8},"end":{"line":11,"column":42}},"7":{"start":{"line":12,"column":8},"end":{"line":12,"column":29}},"8":{"start":{"line":15,"column":8},"end":{"line":15,"column":89}},"9":{"start":{"line":18,"column":8},"end":{"line":19,"column":19}},"10":{"start":{"line":19,"column":12},"end":{"line":19,"column":19}},"11":{"start":{"line":20,"column":8},"end":{"line":20,"column":29}},"12":{"start":{"line":23,"column":20},"end":{"line":23,"column":21}},"13":{"start":{"line":24,"column":8},"end":{"line":26,"column":9}},"14":{"start":{"line":25,"column":12},"end":{"line":25,"column":42}},"15":{"start":{"line":27,"column":8},"end":{"line":29,"column":9}},"16":{"start":{"line":28,"column":12},"end":{"line":28,"column":58}},"17":{"start":{"line":30,"column":8},"end":{"line":30,"column":21}},"18":{"start":{"line":33,"column":0},"end":{"line":33,"column":24}}},"fnMap":{"0":{"name":"(anonymous_0)","decl":{"start":{"line":2,"column":56},"end":{"line":2,"column":57}},"loc":{"start":{"line":2,"column":71},"end":{"line":4,"column":1}},"line":2},"1":{"name":"(anonymous_1)","decl":{"start":{"line":9,"column":4},"end":{"line":9,"column":5}},"loc":{"start":{"line":9,"column":40},"end":{"line":13,"column":5}},"line":9},"2":{"name":"(anonymous_2)","decl":{"start":{"line":14,"column":4},"end":{"line":14,"column":5}},"loc":{"start":{"line":14,"column":28},"end":{"line":16,"column":5}},"line":14},"3":{"name":"(anonymous_3)","decl":{"start":{"line":17,"column":4},"end":{"line":17,"column":5}},"loc":{"start":{"line":17,"column":22},"end":{"line":21,"column":5}},"line":17},"4":{"name":"(anonymous_4)","decl":{"start":{"line":22,"column":4},"end":{"line":22,"column":5}},"loc":{"start":{"line":22,"column":15},"end":{"line":31,"column":5}},"line":22}},"branchMap":{"0":{"loc":{"start":{"line":2,"column":22},"end":{"line":4,"column":1}},"type":"binary-expr","locations":[{"start":{"line":2,"column":23},"end":{"line":2,"column":27}},{"start":{"line":2,"column":31},"end":{"line":2,"column":51}},{"start":{"line":2,"column":56},"end":{"line":4,"column":1}}],"line":2},"1":{"loc":{"start":{"line":3,"column":11},"end":{"line":3,"column":61}},"type":"cond-expr","locations":[{"start":{"line":3,"column":37},"end":{"line":3,"column":40}},{"start":{"line":3,"column":43},"end":{"line":3,"column":61}}],"line":3},"2":{"loc":{"start":{"line":3,"column":12},"end":{"line":3,"column":33}},"type":"binary-expr","locations":[{"start":{"line":3,"column":12},"end":{"line":3,"column":15}},{"start":{"line":3,"column":19},"end":{"line":3,"column":33}}],"line":3},"3":{"loc":{"start":{"line":9,"column":21},"end":{"line":9,"column":38}},"type":"default-arg","locations":[{"start":{"line":9,"column":28},"end":{"line":9,"column":38}}],"line":9},"4":{"loc":{"start":{"line":18,"column":8},"end":{"line":19,"column":19}},"type":"if","locations":[{"start":{"line":18,"column":8},"end":{"line":19,"column":19}},{"start":{},"end":{}}],"line":18},"5":{"loc":{"start":{"line":27,"column":8},"end":{"line":29,"column":9}},"type":"if","locations":[{"start":{"line":27,"column":8},"end":{"line":29,"column":9}},{"start":{},"end":{}}],"line":27}},"s":{"0":1,"1":2,"2":1,"3":1,"4":1,"5":5,"6":5,"7":4,"8":9,"9":2,"10":1,"11":1,"12":4,"13":4,"14":9,"15":4,"16":1,"17":4,"18":1},"f":{"0":2,"1":5,"2":9,"3":2,"4":4},"b":{"0":[1,1,1],"1":[2,0],"2":[2,2],"3":[4],"4":[1,1],"5":[1,3]},"_coverageSchema":"1a1c01bbd47fc00a2c39e90264f33305004495a9","hash":"424a9c2fa80c436a033a1c6a92b3f19551628a62"}
,"C:\\Users\\Cassio\\Documents\\Projetos\\curso-clean-arch\\dist\\src\\OrderItem.js": {"path":"C:\\Users\\Cassio\\Documents\\Projetos\\curso-clean-arch\\dist\\src\\OrderItem.js","statementMap":{"0":{"start":{"line":2,"column":0},"end":{"line":2,"column":62}},"1":{"start":{"line":5,"column":8},"end":{"line":5,"column":29}},"2":{"start":{"line":6,"column":8},"end":{"line":6,"column":27}},"3":{"start":{"line":7,"column":8},"end":{"line":7,"column":33}},"4":{"start":{"line":10,"column":8},"end":{"line":10,"column":42}},"5":{"start":{"line":13,"column":0},"end":{"line":13,"column":28}}},"fnMap":{"0":{"name":"(anonymous_0)","decl":{"start":{"line":4,"column":4},"end":{"line":4,"column":5}},"loc":{"start":{"line":4,"column":41},"end":{"line":8,"column":5}},"line":4},"1":{"name":"(anonymous_1)","decl":{"start":{"line":9,"column":4},"end":{"line":9,"column":5}},"loc":{"start":{"line":9,"column":15},"end":{"line":11,"column":5}},"line":9}},"branchMap":{},"s":{"0":2,"1":10,"2":10,"3":10,"4":10,"5":2},"f":{"0":10,"1":10},"b":{},"_coverageSchema":"1a1c01bbd47fc00a2c39e90264f33305004495a9","hash":"f883b9e1e6ce7ab174bb8000f2c865720dace698"}
}
