TN:
SF:dist\src\Coupon.js
FN:4,(anonymous_0)
FN:9,(anonymous_1)
FN:14,(anonymous_2)
FN:17,(anonymous_3)
FNF:4
FNH:4
FNDA:5,(anonymous_0)
FNDA:6,(anonymous_1)
FNDA:5,(anonymous_2)
FNDA:2,(anonymous_3)
DA:2,2
DA:5,5
DA:6,5
DA:7,5
DA:10,6
DA:11,3
DA:12,3
DA:15,5
DA:18,2
DA:19,0
DA:20,2
DA:23,2
LF:12
LH:11
BRDA:9,0,0,0
BRDA:10,1,0,3
BRDA:10,1,1,3
BRDA:14,2,0,2
BRDA:18,3,0,0
BRDA:18,3,1,2
BRF:6
BRH:4
end_of_record
TN:
SF:dist\src\Cpf.js
FN:4,(anonymous_0)
FN:9,(anonymous_1)
FN:18,(anonymous_2)
FN:21,(anonymous_3)
FN:24,(anonymous_4)
FN:26,(anonymous_5)
FN:28,(anonymous_6)
FNF:7
FNH:7
FNDA:10,(anonymous_0)
FNDA:12,(anonymous_1)
FNDA:10,(anonymous_2)
FNDA:10,(anonymous_3)
FNDA:8,(anonymous_4)
FNDA:34,(anonymous_5)
FNDA:10,(anonymous_6)
DA:2,2
DA:5,10
DA:6,5
DA:10,12
DA:11,12
DA:12,132
DA:13,114
DA:15,12
DA:16,12
DA:19,10
DA:22,10
DA:25,8
DA:26,34
DA:29,10
DA:30,0
DA:31,10
DA:32,10
DA:33,2
DA:34,8
DA:35,2
DA:36,6
DA:37,6
DA:38,6
DA:39,6
DA:40,6
DA:43,2
LF:26
LH:25
BRDA:5,0,0,5
BRDA:5,0,1,5
BRDA:12,1,0,114
BRDA:12,1,1,18
BRDA:16,2,0,6
BRDA:16,2,1,6
BRDA:29,3,0,0
BRDA:29,3,1,10
BRDA:32,4,0,2
BRDA:32,4,1,8
BRDA:34,5,0,2
BRDA:34,5,1,6
BRF:12
BRH:11
end_of_record
TN:
SF:dist\src\Item.js
FN:4,(anonymous_0)
FNF:1
FNH:1
FNDA:9,(anonymous_0)
DA:2,1
DA:5,9
DA:6,9
DA:7,9
DA:8,9
DA:11,1
LF:6
LH:6
BRF:0
BRH:0
end_of_record
TN:
SF:dist\src\Order.js
FN:2,(anonymous_0)
FN:9,(anonymous_1)
FN:14,(anonymous_2)
FN:17,(anonymous_3)
FN:22,(anonymous_4)
FNF:5
FNH:5
FNDA:2,(anonymous_0)
FNDA:5,(anonymous_1)
FNDA:9,(anonymous_2)
FNDA:2,(anonymous_3)
FNDA:4,(anonymous_4)
DA:2,1
DA:3,2
DA:5,1
DA:6,1
DA:7,1
DA:10,5
DA:11,5
DA:12,4
DA:15,9
DA:18,2
DA:19,1
DA:20,1
DA:23,4
DA:24,4
DA:25,9
DA:27,4
DA:28,1
DA:30,4
DA:33,1
LF:19
LH:19
BRDA:2,0,0,1
BRDA:2,0,1,1
BRDA:2,0,2,1
BRDA:3,1,0,2
BRDA:3,1,1,0
BRDA:3,2,0,2
BRDA:3,2,1,2
BRDA:9,3,0,4
BRDA:18,4,0,1
BRDA:18,4,1,1
BRDA:27,5,0,1
BRDA:27,5,1,3
BRF:12
BRH:11
end_of_record
TN:
SF:dist\src\OrderItem.js
FN:4,(anonymous_0)
FN:9,(anonymous_1)
FNF:2
FNH:2
FNDA:10,(anonymous_0)
FNDA:10,(anonymous_1)
DA:2,2
DA:5,10
DA:6,10
DA:7,10
DA:10,10
DA:13,2
LF:6
LH:6
BRF:0
BRH:0
end_of_record
